<?xml version="1.0" encoding="UTF-8"?>
<!-- Generated by org.testng.reporters.JUnitReportReporter -->
<testsuite hostname="Kunals-MacBook-Pro.local" failures="0" tests="3" name="testng.testNGGroups.Groups" time="0.006" errors="0" timestamp="2025-06-28T16:16:36 IST" skipped="0">
  <testcase classname="testng.testNGGroups.Groups" name="doLogin" time="0.005"/>
  <testcase classname="testng.testNGGroups.Groups" name="doUserRegister" time="0.000"/>
  <testcase classname="testng.testNGGroups.Groups" name="doUserRegisterOTP" time="0.001"/>
</testsuite> <!-- testng.testNGGroups.Groups -->
