<?xml version="1.0" encoding="UTF-8"?>
<!-- Generated by org.testng.reporters.JUnitReportReporter -->
<testsuite hostname="Kunals-MacBook-Pro.local" failures="0" tests="1" name="testngGroups.Groups" time="0.005" errors="0" timestamp="2025-06-28T15:36:03 IST" skipped="0">
  <testcase classname="testngGroups.Groups" name="launchBrowser" time="0.005"/>
</testsuite> <!-- testngGroups.Groups -->
