<?xml version="1.0" encoding="UTF-8"?>
<!-- Generated by org.testng.reporters.JUnitReportReporter -->
<testsuite hostname="Kunals-MacBook-Pro.local" failures="0" tests="2" name="testng.testngAnnotation.TestNGBeforeTestMethod" time="0.006" errors="0" timestamp="2025-06-28T14:07:05 IST" skipped="0">
  <testcase classname="testng.testngAnnotation.TestNGBeforeTestMethod" name="doLogin" time="0.005"/>
  <testcase classname="testng.testngAnnotation.TestNGBeforeTestMethod" name="doUserRegister" time="0.001"/>
</testsuite> <!-- testng.testngAnnotation.TestNGBeforeTestMethod -->
