<?xml version="1.0" encoding="UTF-8"?>
<!-- Generated by org.testng.reporters.JUnitReportReporter -->
<testsuite hostname="Kunals-MacBook-Pro.local" failures="0" tests="2" name="testng.testNGParameterization.Parameterization" time="4.638" errors="0" timestamp="2025-06-28T20:33:55 IST" skipped="0">
  <testcase classname="testng.testNGParameterization.Parameterization" name="getBrowser" time="1.589"/>
  <testcase classname="testng.testNGParameterization.Parameterization" name="getBrowser" time="3.049"/>
</testsuite> <!-- testng.testNGParameterization.Parameterization -->
