<?xml version="1.0" encoding="UTF-8"?>
<!-- Generated by org.testng.reporters.JUnitReportReporter -->
<testsuite hostname="Kunals-MacBook-Pro.local" failures="0" tests="1" name="testng.testngAnnotation.TestCase" time="0.003" errors="0" timestamp="2025-06-28T16:18:53 IST" skipped="0">
  <testcase classname="testng.testngAnnotation.TestCase" name="userRegistration" time="0.003"/>
</testsuite> <!-- testng.testngAnnotation.TestCase -->
