<?xml version="1.0" encoding="UTF-8"?>
<!-- Generated by org.testng.reporters.JUnitReportReporter -->
<testsuite hostname="Kunals-MacBook-Pro.local" failures="0" tests="2" name="testng.testNGParameterization.Parameterization" time="5.572" errors="0" timestamp="2025-06-28T20:41:52 IST" skipped="0">
  <testcase classname="testng.testNGParameterization.Parameterization" name="getBrowser" time="3.760"/>
  <testcase classname="testng.testNGParameterization.Parameterization" name="getBrowser" time="1.812"/>
</testsuite> <!-- testng.testNGParameterization.Parameterization -->
