<?xml version="1.0" encoding="UTF-8"?>
<!-- Generated by org.testng.reporters.JUnitReportReporter -->
<testsuite hostname="Kunals-MacBook-Pro.local" failures="0" tests="4" name="testng.testngDependsOnMethod.DependsOnMethod" time="0.002" errors="0" timestamp="2025-06-28T15:24:08 IST" skipped="0">
  <testcase classname="testng.testngDependsOnMethod.DependsOnMethod" name="doLogin" time="0.000"/>
  <testcase classname="testng.testngDependsOnMethod.DependsOnMethod" name="launchBrowser" time="0.000"/>
  <testcase classname="testng.testngDependsOnMethod.DependsOnMethod" name="doUserRegister" time="0.001"/>
  <testcase classname="testng.testngDependsOnMethod.DependsOnMethod" name="doUserRegisterOTP" time="0.001"/>
</testsuite> <!-- testng.testngDependsOnMethod.DependsOnMethod -->
