<?xml version="1.0" encoding="UTF-8"?>
<!-- Generated by org.testng.reporters.JUnitReportReporter -->
<testsuite hostname="Kunals-MacBook-Pro.local" failures="0" tests="2" name="testngFrameworkAdvance.handleParallelExecution.ParallelExecution" time="4.034" errors="0" timestamp="2025-06-28T21:09:53 IST" skipped="0">
  <testcase classname="testngFrameworkAdvance.handleParallelExecution.ParallelExecution" name="doLogin" time="2.017"/>
  <testcase classname="testngFrameworkAdvance.handleParallelExecution.ParallelExecution" name="doLogin" time="2.017"/>
</testsuite> <!-- testngFrameworkAdvance.handleParallelExecution.ParallelExecution -->
