<?xml version="1.0" encoding="UTF-8"?>
<!-- Generated by org.testng.reporters.JUnitReportReporter -->
<testsuite hostname="Kunals-MacBook-Pro.local" failures="0" tests="2" name="testng.testngAnnotation.TestNGAeforeTest" time="0.001" errors="0" timestamp="2025-06-28T15:24:08 IST" skipped="0">
  <testcase classname="testng.testngAnnotation.TestNGAeforeTest" name="doLogin" time="0.000"/>
  <testcase classname="testng.testngAnnotation.TestNGAeforeTest" name="doUserRegister" time="0.001"/>
</testsuite> <!-- testng.testngAnnotation.TestNGAeforeTest -->
