<?xml version="1.0" encoding="UTF-8"?>
<!-- Generated by org.testng.reporters.JUnitReportReporter -->
<testsuite hostname="Kunals-MacBook-Pro.local" failures="0" tests="2" name="testng.testngAnnotation.TestAnnotation" time="0.001" errors="0" timestamp="2025-06-28T15:24:08 IST" skipped="0">
  <testcase classname="testng.testngAnnotation.TestAnnotation" name="doLogin" time="0.001"/>
  <testcase classname="testng.testngAnnotation.TestAnnotation" name="doUserRegister" time="0.000"/>
</testsuite> <!-- testng.testngAnnotation.TestAnnotation -->
