<?xml version="1.0" encoding="UTF-8"?>
<!-- Generated by org.testng.reporters.JUnitReportReporter -->
<testsuite hostname="Kunals-MacBook-Pro.local" failures="0" tests="10" name="testngFrameworkAdvance.handleInvocationCount.InvocationCount" time="24.505" errors="0" timestamp="2025-06-28T21:55:44 IST" skipped="0">
  <testcase classname="testngFrameworkAdvance.handleInvocationCount.InvocationCount" name="executeTest" time="1.612"/>
  <testcase classname="testngFrameworkAdvance.handleInvocationCount.InvocationCount" name="executeTest" time="1.620"/>
  <testcase classname="testngFrameworkAdvance.handleInvocationCount.InvocationCount" name="executeTest" time="3.508"/>
  <testcase classname="testngFrameworkAdvance.handleInvocationCount.InvocationCount" name="executeTest" time="1.652"/>
  <testcase classname="testngFrameworkAdvance.handleInvocationCount.InvocationCount" name="executeTest" time="3.407"/>
  <testcase classname="testngFrameworkAdvance.handleInvocationCount.InvocationCount" name="executeTest" time="1.715"/>
  <testcase classname="testngFrameworkAdvance.handleInvocationCount.InvocationCount" name="executeTest" time="3.261"/>
  <testcase classname="testngFrameworkAdvance.handleInvocationCount.InvocationCount" name="executeTest" time="1.608"/>
  <testcase classname="testngFrameworkAdvance.handleInvocationCount.InvocationCount" name="executeTest" time="3.084"/>
  <testcase classname="testngFrameworkAdvance.handleInvocationCount.InvocationCount" name="executeTest" time="3.038"/>
</testsuite> <!-- testngFrameworkAdvance.handleInvocationCount.InvocationCount -->
