<?xml version="1.0" encoding="UTF-8"?>
<!-- Generated by org.testng.reporters.JUnitReportReporter -->
<testsuite hostname="Kunals-MacBook-Pro.local" failures="0" tests="2" name="testng.testngAnnotation.TestNGPriority" time="0.007" errors="0" timestamp="2025-06-28T13:48:20 IST" skipped="0">
  <testcase classname="testng.testngAnnotation.TestNGPriority" name="doUserRegister" time="0.006"/>
  <testcase classname="testng.testngAnnotation.TestNGPriority" name="doLogin" time="0.001"/>
</testsuite> <!-- testng.testngAnnotation.TestNGPriority -->
