<?xml version="1.0" encoding="UTF-8"?>
<!-- Generated by org.testng.reporters.JUnitReportReporter -->
<testsuite hostname="Kunals-MacBook-Pro.local" failures="0" tests="2" name="testngFrameworkAdvance.handleParallelExecution.ParallelDataProvider" time="4.048" errors="0" timestamp="2025-06-28T21:22:13 IST" skipped="0">
  <testcase classname="testngFrameworkAdvance.handleParallelExecution.ParallelDataProvider" name="doLogin" time="2.024"/>
  <testcase classname="testngFrameworkAdvance.handleParallelExecution.ParallelDataProvider" name="doLogin" time="2.024"/>
</testsuite> <!-- testngFrameworkAdvance.handleParallelExecution.ParallelDataProvider -->
